<?xml version="1.0" encoding="UTF-8" standalone="no"?>
<!DOCTYPE log SYSTEM "logger.dtd">
<log>
<record>
  <date>2018-10-09T23:11:54</date>
  <millis>1539141114209</millis>
  <sequence>0</sequence>
  <logger>wetsu195.LoginController</logger>
  <level>CONFIG</level>
  <class>wetsu195.LoginController</class>
  <method>Login</method>
  <thread>13</thread>
  <message>config done.</message>
</record>
<record>
  <date>2018-10-09T23:11:54</date>
  <millis>1539141114768</millis>
  <sequence>1</sequence>
  <logger>wetsu195.LoginController</logger>
  <level>WARNING</level>
  <class>wetsu195.LoginController</class>
  <method>Login</method>
  <thread>13</thread>
  <message>testlkjlkjhad afailed login attempt at 2018-10-10T03:11:54.767Z[UTC]</message>
</record>
<record>
  <date>2018-10-09T23:12:01</date>
  <millis>1539141121191</millis>
  <sequence>2</sequence>
  <logger>wetsu195.LoginController</logger>
  <level>CONFIG</level>
  <class>wetsu195.LoginController</class>
  <method>Login</method>
  <thread>13</thread>
  <message>config done.</message>
</record>
<record>
  <date>2018-10-09T23:12:01</date>
  <millis>1539141121590</millis>
  <sequence>3</sequence>
  <logger>wetsu195.LoginController</logger>
  <level>FINE</level>
  <class>wetsu195.LoginController</class>
  <method>Login</method>
  <thread>13</thread>
  <message>test(userid 1) successfully logged in at 2018-10-10T03:12:01.590Z[UTC]</message>
</record>
</log>
<?xml version="1.0" encoding="UTF-8" standalone="no"?>
<!DOCTYPE log SYSTEM "logger.dtd">
<log>
<record>
  <date>2018-10-10T01:13:26</date>
  <millis>1539148406567</millis>
  <sequence>0</sequence>
  <logger>wetsu195.LoginController</logger>
  <level>CONFIG</level>
  <class>wetsu195.LoginController</class>
  <method>Login</method>
  <thread>13</thread>
  <message>config done.</message>
</record>
<record>
  <date>2018-10-10T01:13:27</date>
  <millis>1539148407102</millis>
  <sequence>1</sequence>
  <logger>wetsu195.LoginController</logger>
  <level>FINE</level>
  <class>wetsu195.LoginController</class>
  <method>Login</method>
  <thread>13</thread>
  <message>test(userid 1) successfully logged in at 2018-10-10T05:13:27.102Z[UTC]</message>
</record>
<?xml version="1.0" encoding="UTF-8" standalone="no"?>
<!DOCTYPE log SYSTEM "logger.dtd">
<log>
<record>
  <date>2018-10-10T18:54:25</date>
  <millis>1539212065942</millis>
  <sequence>0</sequence>
  <logger>wetsu195.LoginController</logger>
  <level>CONFIG</level>
  <class>wetsu195.LoginController</class>
  <method>Login</method>
  <thread>13</thread>
  <message>config done.</message>
</record>
<record>
  <date>2018-10-10T18:54:26</date>
  <millis>1539212066507</millis>
  <sequence>1</sequence>
  <logger>wetsu195.LoginController</logger>
  <level>FINE</level>
  <class>wetsu195.LoginController</class>
  <method>Login</method>
  <thread>13</thread>
  <message>test(userid 1) successfully logged in at 2018-10-10T22:54:26.506Z[UTC]</message>
</record>
<record>
  <date>2018-10-10T18:54:38</date>
  <millis>1539212078439</millis>
  <sequence>3</sequence>
  <logger>wetsu195.LoginController</logger>
  <level>CONFIG</level>
  <class>wetsu195.LoginController</class>
  <method>Login</method>
  <thread>13</thread>
  <message>config done.</message>
</record>
<record>
  <date>2018-10-10T18:54:38</date>
  <millis>1539212078817</millis>
  <sequence>4</sequence>
  <logger>wetsu195.LoginController</logger>
  <level>FINE</level>
  <class>wetsu195.LoginController</class>
  <method>Login</method>
  <thread>13</thread>
  <message>test(userid 1) successfully logged in at 2018-10-10T22:54:38.817Z[UTC]</message>
</record>
</log>
<?xml version="1.0" encoding="UTF-8" standalone="no"?>
<!DOCTYPE log SYSTEM "logger.dtd">
<log>
<record>
  <date>2018-10-10T19:00:18</date>
  <millis>1539212418467</millis>
  <sequence>0</sequence>
  <logger>wetsu195.LoginController</logger>
  <level>CONFIG</level>
  <class>wetsu195.LoginController</class>
  <method>Login</method>
  <thread>16</thread>
  <message>config done.</message>
</record>
<record>
  <date>2018-10-10T19:00:19</date>
  <millis>1539212419053</millis>
  <sequence>1</sequence>
  <logger>wetsu195.LoginController</logger>
  <level>FINE</level>
  <class>wetsu195.LoginController</class>
  <method>Login</method>
  <thread>16</thread>
  <message>test(userid 1) successfully logged in at 2018-10-10T23:00:19.052Z[UTC]</message>
</record>
<?xml version="1.0" encoding="UTF-8" standalone="no"?>
<!DOCTYPE log SYSTEM "logger.dtd">
<log>
<record>
  <date>2018-10-10T13:02:41</date>
  <millis>1539212561644</millis>
  <sequence>0</sequence>
  <logger>wetsu195.LoginController</logger>
  <level>CONFIG</level>
  <class>wetsu195.LoginController</class>
  <method>Login</method>
  <thread>13</thread>
  <message>config done.</message>
</record>
<record>
  <date>2018-10-10T13:02:42</date>
  <millis>1539212562216</millis>
  <sequence>1</sequence>
  <logger>wetsu195.LoginController</logger>
  <level>FINE</level>
  <class>wetsu195.LoginController</class>
  <method>Login</method>
  <thread>13</thread>
  <message>test(userid 1) successfully logged in at 2018-10-10T23:02:42.216Z[UTC]</message>
</record>
</log>
<?xml version="1.0" encoding="UTF-8" standalone="no"?>
<!DOCTYPE log SYSTEM "logger.dtd">
<log>
<record>
  <date>2018-10-10T13:03:18</date>
  <millis>1539212598275</millis>
  <sequence>0</sequence>
  <logger>wetsu195.LoginController</logger>
  <level>CONFIG</level>
  <class>wetsu195.LoginController</class>
  <method>Login</method>
  <thread>13</thread>
  <message>config done.</message>
</record>
<record>
  <date>2018-10-10T13:03:18</date>
  <millis>1539212598815</millis>
  <sequence>1</sequence>
  <logger>wetsu195.LoginController</logger>
  <level>FINE</level>
  <class>wetsu195.LoginController</class>
  <method>Login</method>
  <thread>13</thread>
  <message>test(userid 1) successfully logged in at 2018-10-10T23:03:18.814Z[UTC]</message>
</record>
</log>
<?xml version="1.0" encoding="UTF-8" standalone="no"?>
<!DOCTYPE log SYSTEM "logger.dtd">
<log>
<record>
  <date>2018-10-10T13:04:06</date>
  <millis>1539212646748</millis>
  <sequence>0</sequence>
  <logger>wetsu195.LoginController</logger>
  <level>CONFIG</level>
  <class>wetsu195.LoginController</class>
  <method>Login</method>
  <thread>13</thread>
  <message>config done.</message>
</record>
<record>
  <date>2018-10-10T13:04:07</date>
  <millis>1539212647292</millis>
  <sequence>1</sequence>
  <logger>wetsu195.LoginController</logger>
  <level>FINE</level>
  <class>wetsu195.LoginController</class>
  <method>Login</method>
  <thread>13</thread>
  <message>test(userid 1) successfully logged in at 2018-10-10T23:04:07.291Z[UTC]</message>
</record>
</log>
<?xml version="1.0" encoding="UTF-8" standalone="no"?>
<!DOCTYPE log SYSTEM "logger.dtd">
<log>
<record>
  <date>2018-10-10T13:04:46</date>
  <millis>1539212686249</millis>
  <sequence>0</sequence>
  <logger>wetsu195.LoginController</logger>
  <level>CONFIG</level>
  <class>wetsu195.LoginController</class>
  <method>Login</method>
  <thread>13</thread>
  <message>config done.</message>
</record>
<record>
  <date>2018-10-10T13:04:46</date>
  <millis>1539212686814</millis>
  <sequence>1</sequence>
  <logger>wetsu195.LoginController</logger>
  <level>FINE</level>
  <class>wetsu195.LoginController</class>
  <method>Login</method>
  <thread>13</thread>
  <message>test(userid 1) successfully logged in at 2018-10-10T23:04:46.814Z[UTC]</message>
</record>
</log>
<?xml version="1.0" encoding="UTF-8" standalone="no"?>
<!DOCTYPE log SYSTEM "logger.dtd">
<log>
<record>
  <date>2018-10-10T13:21:49</date>
  <millis>1539213709675</millis>
  <sequence>0</sequence>
  <logger>wetsu195.LoginController</logger>
  <level>CONFIG</level>
  <class>wetsu195.LoginController</class>
  <method>Login</method>
  <thread>13</thread>
  <message>config done.</message>
</record>
<record>
  <date>2018-10-10T13:21:50</date>
  <millis>1539213710249</millis>
  <sequence>1</sequence>
  <logger>wetsu195.LoginController</logger>
  <level>FINE</level>
  <class>wetsu195.LoginController</class>
  <method>Login</method>
  <thread>13</thread>
  <message>test(userid 1) successfully logged in at 2018-10-10T23:21:50.223Z[UTC]</message>
</record>
<record>
  <date>2018-10-10T13:22:05</date>
  <millis>1539213725963</millis>
  <sequence>3</sequence>
  <logger>wetsu195.LoginController</logger>
  <level>CONFIG</level>
  <class>wetsu195.LoginController</class>
  <method>Login</method>
  <thread>13</thread>
  <message>config done.</message>
</record>
<record>
  <date>2018-10-10T13:30:16</date>
  <millis>1539214216491</millis>
  <sequence>4</sequence>
  <logger>wetsu195.LoginController</logger>
  <level>CONFIG</level>
  <class>wetsu195.LoginController</class>
  <method>Login</method>
  <thread>13</thread>
  <message>config done.</message>
</record>
<record>
  <date>2018-10-10T13:30:21</date>
  <millis>1539214221315</millis>
  <sequence>5</sequence>
  <logger>wetsu195.LoginController</logger>
  <level>CONFIG</level>
  <class>wetsu195.LoginController</class>
  <method>Login</method>
  <thread>13</thread>
  <message>config done.</message>
</record>
</log>
<?xml version="1.0" encoding="UTF-8" standalone="no"?>
<!DOCTYPE log SYSTEM "logger.dtd">
<log>
<record>
  <date>2018-10-10T13:30:47</date>
  <millis>1539214247555</millis>
  <sequence>0</sequence>
  <logger>wetsu195.LoginController</logger>
  <level>CONFIG</level>
  <class>wetsu195.LoginController</class>
  <method>Login</method>
  <thread>13</thread>
  <message>config done.</message>
</record>
<record>
  <date>2018-10-10T13:30:48</date>
  <millis>1539214248118</millis>
  <sequence>1</sequence>
  <logger>wetsu195.LoginController</logger>
  <level>FINE</level>
  <class>wetsu195.LoginController</class>
  <method>Login</method>
  <thread>13</thread>
  <message>shannon(userid 2) successfully logged in at 2018-10-10T23:30:48.117Z[UTC]</message>
</record>
</log>
<?xml version="1.0" encoding="UTF-8" standalone="no"?>
<!DOCTYPE log SYSTEM "logger.dtd">
<log>
<record>
  <date>2018-10-10T20:21:42</date>
  <millis>1539217302309</millis>
  <sequence>0</sequence>
  <logger>wetsu195.LoginController</logger>
  <level>CONFIG</level>
  <class>wetsu195.LoginController</class>
  <method>Login</method>
  <thread>16</thread>
  <message>config done.</message>
</record>
<record>
  <date>2018-10-10T20:21:42</date>
  <millis>1539217302892</millis>
  <sequence>1</sequence>
  <logger>wetsu195.LoginController</logger>
  <level>SEVERE</level>
  <class>wetsu195.LoginController</class>
  <method>checkCredentials</method>
  <thread>16</thread>
  <exception>
    <message>java.sql.SQLException: Invalid value for getInt() - 'Shannon'</message>
    <frame>
      <class>com.mysql.jdbc.SQLError</class>
      <method>createSQLException</method>
      <line>1074</line>
    </frame>
    <frame>
      <class>com.mysql.jdbc.SQLError</class>
      <method>createSQLException</method>
      <line>988</line>
    </frame>
    <frame>
      <class>com.mysql.jdbc.SQLError</class>
      <method>createSQLException</method>
      <line>974</line>
    </frame>
    <frame>
      <class>com.mysql.jdbc.SQLError</class>
      <method>createSQLException</method>
      <line>919</line>
    </frame>
    <frame>
      <class>com.mysql.jdbc.ResultSetImpl</class>
      <method>getInt</method>
      <line>2763</line>
    </frame>
    <frame>
      <class>wetsu195.Data.DbMgr</class>
      <method>getUserByCredentials</method>
      <line>112</line>
    </frame>
    <frame>
      <class>wetsu195.LoginController</class>
      <method>checkCredentials</method>
      <line>86</line>
    </frame>
    <frame>
      <class>wetsu195.LoginController</class>
      <method>Login</method>
      <line>107</line>
    </frame>
    <frame>
      <class>sun.reflect.NativeMethodAccessorImpl</class>
      <method>invoke0</method>
    </frame>
    <frame>
      <class>sun.reflect.NativeMethodAccessorImpl</class>
      <method>invoke</method>
      <line>62</line>
    </frame>
    <frame>
      <class>sun.reflect.DelegatingMethodAccessorImpl</class>
      <method>invoke</method>
      <line>43</line>
    </frame>
    <frame>
      <class>java.lang.reflect.Method</class>
      <method>invoke</method>
      <line>498</line>
    </frame>
    <frame>
      <class>sun.reflect.misc.Trampoline</class>
      <method>invoke</method>
      <line>71</line>
    </frame>
    <frame>
      <class>sun.reflect.GeneratedMethodAccessor1</class>
      <method>invoke</method>
    </frame>
    <frame>
      <class>sun.reflect.DelegatingMethodAccessorImpl</class>
      <method>invoke</method>
      <line>43</line>
    </frame>
    <frame>
      <class>java.lang.reflect.Method</class>
      <method>invoke</method>
      <line>498</line>
    </frame>
    <frame>
      <class>sun.reflect.misc.MethodUtil</class>
      <method>invoke</method>
      <line>275</line>
    </frame>
    <frame>
      <class>javafx.fxml.FXMLLoader$MethodHandler</class>
      <method>invoke</method>
      <line>1771</line>
    </frame>
    <frame>
      <class>javafx.fxml.FXMLLoader$ControllerMethodEventHandler</class>
      <method>handle</method>
      <line>1657</line>
    </frame>
    <frame>
      <class>com.sun.javafx.event.CompositeEventHandler</class>
      <method>dispatchBubblingEvent</method>
      <line>86</line>
    </frame>
    <frame>
      <class>com.sun.javafx.event.EventHandlerManager</class>
      <method>dispatchBubblingEvent</method>
      <line>238</line>
    </frame>
    <frame>
      <class>com.sun.javafx.event.EventHandlerManager</class>
      <method>dispatchBubblingEvent</method>
      <line>191</line>
    </frame>
    <frame>
      <class>com.sun.javafx.event.CompositeEventDispatcher</class>
      <method>dispatchBubblingEvent</method>
      <line>59</line>
    </frame>
    <frame>
      <class>com.sun.javafx.event.BasicEventDispatcher</class>
      <method>dispatchEvent</method>
      <line>58</line>
    </frame>
    <frame>
      <class>com.sun.javafx.event.EventDispatchChainImpl</class>
      <method>dispatchEvent</method>
      <line>114</line>
    </frame>
    <frame>
      <class>com.sun.javafx.event.BasicEventDispatcher</class>
      <method>dispatchEvent</method>
      <line>56</line>
    </frame>
    <frame>
      <class>com.sun.javafx.event.EventDispatchChainImpl</class>
      <method>dispatchEvent</method>
      <line>114</line>
    </frame>
    <frame>
      <class>com.sun.javafx.event.BasicEventDispatcher</class>
      <method>dispatchEvent</method>
      <line>56</line>
    </frame>
    <frame>
      <class>com.sun.javafx.event.EventDispatchChainImpl</class>
      <method>dispatchEvent</method>
      <line>114</line>
    </frame>
    <frame>
      <class>com.sun.javafx.event.EventUtil</class>
      <method>fireEventImpl</method>
      <line>74</line>
    </frame>
    <frame>
      <class>com.sun.javafx.event.EventUtil</class>
      <method>fireEvent</method>
      <line>49</line>
    </frame>
    <frame>
      <class>javafx.event.Event</class>
      <method>fireEvent</method>
      <line>198</line>
    </frame>
    <frame>
      <class>javafx.scene.Node</class>
      <method>fireEvent</method>
      <line>8411</line>
    </frame>
    <frame>
      <class>javafx.scene.control.Button</class>
      <method>fire</method>
      <line>185</line>
    </frame>
    <frame>
      <class>com.sun.javafx.scene.control.behavior.ButtonBehavior</class>
      <method>mouseReleased</method>
      <line>182</line>
    </frame>
    <frame>
      <class>com.sun.javafx.scene.control.skin.BehaviorSkinBase$1</class>
      <method>handle</method>
      <line>96</line>
    </frame>
    <frame>
      <class>com.sun.javafx.scene.control.skin.BehaviorSkinBase$1</class>
      <method>handle</method>
      <line>89</line>
    </frame>
    <frame>
      <class>com.sun.javafx.event.CompositeEventHandler$NormalEventHandlerRecord</class>
      <method>handleBubblingEvent</method>
      <line>218</line>
    </frame>
    <frame>
      <class>com.sun.javafx.event.CompositeEventHandler</class>
      <method>dispatchBubblingEvent</method>
      <line>80</line>
    </frame>
    <frame>
      <class>com.sun.javafx.event.EventHandlerManager</class>
      <method>dispatchBubblingEvent</method>
      <line>238</line>
    </frame>
    <frame>
      <class>com.sun.javafx.event.EventHandlerManager</class>
      <method>dispatchBubblingEvent</method>
      <line>191</line>
    </frame>
    <frame>
      <class>com.sun.javafx.event.CompositeEventDispatcher</class>
      <method>dispatchBubblingEvent</method>
      <line>59</line>
    </frame>
    <frame>
      <class>com.sun.javafx.event.BasicEventDispatcher</class>
      <method>dispatchEvent</method>
      <line>58</line>
    </frame>
    <frame>
      <class>com.sun.javafx.event.EventDispatchChainImpl</class>
      <method>dispatchEvent</method>
      <line>114</line>
    </frame>
    <frame>
      <class>com.sun.javafx.event.BasicEventDispatcher</class>
      <method>dispatchEvent</method>
      <line>56</line>
    </frame>
    <frame>
      <class>com.sun.javafx.event.EventDispatchChainImpl</class>
      <method>dispatchEvent</method>
      <line>114</line>
    </frame>
    <frame>
      <class>com.sun.javafx.event.BasicEventDispatcher</class>
      <method>dispatchEvent</method>
      <line>56</line>
    </frame>
    <frame>
      <class>com.sun.javafx.event.EventDispatchChainImpl</class>
      <method>dispatchEvent</method>
      <line>114</line>
    </frame>
    <frame>
      <class>com.sun.javafx.event.EventUtil</class>
      <method>fireEventImpl</method>
      <line>74</line>
    </frame>
    <frame>
      <class>com.sun.javafx.event.EventUtil</class>
      <method>fireEvent</method>
      <line>54</line>
    </frame>
    <frame>
      <class>javafx.event.Event</class>
      <method>fireEvent</method>
      <line>198</line>
    </frame>
    <frame>
      <class>javafx.scene.Scene$MouseHandler</class>
      <method>process</method>
      <line>3757</line>
    </frame>
    <frame>
      <class>javafx.scene.Scene$MouseHandler</class>
      <method>access$1500</method>
      <line>3485</line>
    </frame>
    <frame>
      <class>javafx.scene.Scene</class>
      <method>impl_processMouseEvent</method>
      <line>1762</line>
    </frame>
    <frame>
      <class>javafx.scene.Scene$ScenePeerListener</class>
      <method>mouseEvent</method>
      <line>2494</line>
    </frame>
    <frame>
      <class>com.sun.javafx.tk.quantum.GlassViewEventHandler$MouseEventNotification</class>
      <method>run</method>
      <line>394</line>
    </frame>
    <frame>
      <class>com.sun.javafx.tk.quantum.GlassViewEventHandler$MouseEventNotification</class>
      <method>run</method>
      <line>295</line>
    </frame>
    <frame>
      <class>java.security.AccessController</class>
      <method>doPrivileged</method>
    </frame>
    <frame>
      <class>com.sun.javafx.tk.quantum.GlassViewEventHandler</class>
      <method>lambda$handleMouseEvent$353</method>
      <line>432</line>
    </frame>
    <frame>
      <class>com.sun.javafx.tk.quantum.QuantumToolkit</class>
      <method>runWithoutRenderLock</method>
      <line>389</line>
    </frame>
    <frame>
      <class>com.sun.javafx.tk.quantum.GlassViewEventHandler</class>
      <method>handleMouseEvent</method>
      <line>431</line>
    </frame>
    <frame>
      <class>com.sun.glass.ui.View</class>
      <method>handleMouseEvent</method>
      <line>555</line>
    </frame>
    <frame>
      <class>com.sun.glass.ui.View</class>
      <method>notifyMouse</method>
      <line>937</line>
    </frame>
    <frame>
      <class>com.sun.glass.ui.win.WinApplication</class>
      <method>_runLoop</method>
    </frame>
    <frame>
      <class>com.sun.glass.ui.win.WinApplication</class>
      <method>lambda$null$147</method>
      <line>177</line>
    </frame>
    <frame>
      <class>java.lang.Thread</class>
      <method>run</method>
      <line>748</line>
    </frame>
  </exception>
</record>
<record>
  <date>2018-10-10T20:21:42</date>
  <millis>1539217302910</millis>
  <sequence>2</sequence>
  <logger>wetsu195.LoginController</logger>
  <level>WARNING</level>
  <class>wetsu195.LoginController</class>
  <method>Login</method>
  <thread>16</thread>
  <message>testhad afailed login attempt at 2018-10-11T00:21:42.909Z[UTC]</message>
</record>
<record>
  <date>2018-10-10T20:21:47</date>
  <millis>1539217307393</millis>
  <sequence>3</sequence>
  <logger>wetsu195.LoginController</logger>
  <level>CONFIG</level>
  <class>wetsu195.LoginController</class>
  <method>Login</method>
  <thread>16</thread>
  <message>config done.</message>
</record>
<record>
  <date>2018-10-10T20:21:47</date>
  <millis>1539217307820</millis>
  <sequence>4</sequence>
  <logger>wetsu195.LoginController</logger>
  <level>SEVERE</level>
  <class>wetsu195.LoginController</class>
  <method>checkCredentials</method>
  <thread>16</thread>
  <exception>
    <message>java.sql.SQLException: Invalid value for getInt() - 'Shannon'</message>
    <frame>
      <class>com.mysql.jdbc.SQLError</class>
      <method>createSQLException</method>
      <line>1074</line>
    </frame>
    <frame>
      <class>com.mysql.jdbc.SQLError</class>
      <method>createSQLException</method>
      <line>988</line>
    </frame>
    <frame>
      <class>com.mysql.jdbc.SQLError</class>
      <method>createSQLException</method>
      <line>974</line>
    </frame>
    <frame>
      <class>com.mysql.jdbc.SQLError</class>
      <method>createSQLException</method>
      <line>919</line>
    </frame>
    <frame>
      <class>com.mysql.jdbc.ResultSetImpl</class>
      <method>getInt</method>
      <line>2763</line>
    </frame>
    <frame>
      <class>wetsu195.Data.DbMgr</class>
      <method>getUserByCredentials</method>
      <line>112</line>
    </frame>
    <frame>
      <class>wetsu195.LoginController</class>
      <method>checkCredentials</method>
      <line>86</line>
    </frame>
    <frame>
      <class>wetsu195.LoginController</class>
      <method>Login</method>
      <line>107</line>
    </frame>
    <frame>
      <class>sun.reflect.NativeMethodAccessorImpl</class>
      <method>invoke0</method>
    </frame>
    <frame>
      <class>sun.reflect.NativeMethodAccessorImpl</class>
      <method>invoke</method>
      <line>62</line>
    </frame>
    <frame>
      <class>sun.reflect.DelegatingMethodAccessorImpl</class>
      <method>invoke</method>
      <line>43</line>
    </frame>
    <frame>
      <class>java.lang.reflect.Method</class>
      <method>invoke</method>
      <line>498</line>
    </frame>
    <frame>
      <class>sun.reflect.misc.Trampoline</class>
      <method>invoke</method>
      <line>71</line>
    </frame>
    <frame>
      <class>sun.reflect.GeneratedMethodAccessor1</class>
      <method>invoke</method>
    </frame>
    <frame>
      <class>sun.reflect.DelegatingMethodAccessorImpl</class>
      <method>invoke</method>
      <line>43</line>
    </frame>
    <frame>
      <class>java.lang.reflect.Method</class>
      <method>invoke</method>
      <line>498</line>
    </frame>
    <frame>
      <class>sun.reflect.misc.MethodUtil</class>
      <method>invoke</method>
      <line>275</line>
    </frame>
    <frame>
      <class>javafx.fxml.FXMLLoader$MethodHandler</class>
      <method>invoke</method>
      <line>1771</line>
    </frame>
    <frame>
      <class>javafx.fxml.FXMLLoader$ControllerMethodEventHandler</class>
      <method>handle</method>
      <line>1657</line>
    </frame>
    <frame>
      <class>com.sun.javafx.event.CompositeEventHandler</class>
      <method>dispatchBubblingEvent</method>
      <line>86</line>
    </frame>
    <frame>
      <class>com.sun.javafx.event.EventHandlerManager</class>
      <method>dispatchBubblingEvent</method>
      <line>238</line>
    </frame>
    <frame>
      <class>com.sun.javafx.event.EventHandlerManager</class>
      <method>dispatchBubblingEvent</method>
      <line>191</line>
    </frame>
    <frame>
      <class>com.sun.javafx.event.CompositeEventDispatcher</class>
      <method>dispatchBubblingEvent</method>
      <line>59</line>
    </frame>
    <frame>
      <class>com.sun.javafx.event.BasicEventDispatcher</class>
      <method>dispatchEvent</method>
      <line>58</line>
    </frame>
    <frame>
      <class>com.sun.javafx.event.EventDispatchChainImpl</class>
      <method>dispatchEvent</method>
      <line>114</line>
    </frame>
    <frame>
      <class>com.sun.javafx.event.BasicEventDispatcher</class>
      <method>dispatchEvent</method>
      <line>56</line>
    </frame>
    <frame>
      <class>com.sun.javafx.event.EventDispatchChainImpl</class>
      <method>dispatchEvent</method>
      <line>114</line>
    </frame>
    <frame>
      <class>com.sun.javafx.event.BasicEventDispatcher</class>
      <method>dispatchEvent</method>
      <line>56</line>
    </frame>
    <frame>
      <class>com.sun.javafx.event.EventDispatchChainImpl</class>
      <method>dispatchEvent</method>
      <line>114</line>
    </frame>
    <frame>
      <class>com.sun.javafx.event.EventUtil</class>
      <method>fireEventImpl</method>
      <line>74</line>
    </frame>
    <frame>
      <class>com.sun.javafx.event.EventUtil</class>
      <method>fireEvent</method>
      <line>49</line>
    </frame>
    <frame>
      <class>javafx.event.Event</class>
      <method>fireEvent</method>
      <line>198</line>
    </frame>
    <frame>
      <class>javafx.scene.Node</class>
      <method>fireEvent</method>
      <line>8411</line>
    </frame>
    <frame>
      <class>javafx.scene.control.Button</class>
      <method>fire</method>
      <line>185</line>
    </frame>
    <frame>
      <class>com.sun.javafx.scene.control.behavior.ButtonBehavior</class>
      <method>mouseReleased</method>
      <line>182</line>
    </frame>
    <frame>
      <class>com.sun.javafx.scene.control.skin.BehaviorSkinBase$1</class>
      <method>handle</method>
      <line>96</line>
    </frame>
    <frame>
      <class>com.sun.javafx.scene.control.skin.BehaviorSkinBase$1</class>
      <method>handle</method>
      <line>89</line>
    </frame>
    <frame>
      <class>com.sun.javafx.event.CompositeEventHandler$NormalEventHandlerRecord</class>
      <method>handleBubblingEvent</method>
      <line>218</line>
    </frame>
    <frame>
      <class>com.sun.javafx.event.CompositeEventHandler</class>
      <method>dispatchBubblingEvent</method>
      <line>80</line>
    </frame>
    <frame>
      <class>com.sun.javafx.event.EventHandlerManager</class>
      <method>dispatchBubblingEvent</method>
      <line>238</line>
    </frame>
    <frame>
      <class>com.sun.javafx.event.EventHandlerManager</class>
      <method>dispatchBubblingEvent</method>
      <line>191</line>
    </frame>
    <frame>
      <class>com.sun.javafx.event.CompositeEventDispatcher</class>
      <method>dispatchBubblingEvent</method>
      <line>59</line>
    </frame>
    <frame>
      <class>com.sun.javafx.event.BasicEventDispatcher</class>
      <method>dispatchEvent</method>
      <line>58</line>
    </frame>
    <frame>
      <class>com.sun.javafx.event.EventDispatchChainImpl</class>
      <method>dispatchEvent</method>
      <line>114</line>
    </frame>
    <frame>
      <class>com.sun.javafx.event.BasicEventDispatcher</class>
      <method>dispatchEvent</method>
      <line>56</line>
    </frame>
    <frame>
      <class>com.sun.javafx.event.EventDispatchChainImpl</class>
      <method>dispatchEvent</method>
      <line>114</line>
    </frame>
    <frame>
      <class>com.sun.javafx.event.BasicEventDispatcher</class>
      <method>dispatchEvent</method>
      <line>56</line>
    </frame>
    <frame>
      <class>com.sun.javafx.event.EventDispatchChainImpl</class>
      <method>dispatchEvent</method>
      <line>114</line>
    </frame>
    <frame>
      <class>com.sun.javafx.event.EventUtil</class>
      <method>fireEventImpl</method>
      <line>74</line>
    </frame>
    <frame>
      <class>com.sun.javafx.event.EventUtil</class>
      <method>fireEvent</method>
      <line>54</line>
    </frame>
    <frame>
      <class>javafx.event.Event</class>
      <method>fireEvent</method>
      <line>198</line>
    </frame>
    <frame>
      <class>javafx.scene.Scene$MouseHandler</class>
      <method>process</method>
      <line>3757</line>
    </frame>
    <frame>
      <class>javafx.scene.Scene$MouseHandler</class>
      <method>access$1500</method>
      <line>3485</line>
    </frame>
    <frame>
      <class>javafx.scene.Scene</class>
      <method>impl_processMouseEvent</method>
      <line>1762</line>
    </frame>
    <frame>
      <class>javafx.scene.Scene$ScenePeerListener</class>
      <method>mouseEvent</method>
      <line>2494</line>
    </frame>
    <frame>
      <class>com.sun.javafx.tk.quantum.GlassViewEventHandler$MouseEventNotification</class>
      <method>run</method>
      <line>394</line>
    </frame>
    <frame>
      <class>com.sun.javafx.tk.quantum.GlassViewEventHandler$MouseEventNotification</class>
      <method>run</method>
      <line>295</line>
    </frame>
    <frame>
      <class>java.security.AccessController</class>
      <method>doPrivileged</method>
    </frame>
    <frame>
      <class>com.sun.javafx.tk.quantum.GlassViewEventHandler</class>
      <method>lambda$handleMouseEvent$353</method>
      <line>432</line>
    </frame>
    <frame>
      <class>com.sun.javafx.tk.quantum.QuantumToolkit</class>
      <method>runWithoutRenderLock</method>
      <line>389</line>
    </frame>
    <frame>
      <class>com.sun.javafx.tk.quantum.GlassViewEventHandler</class>
      <method>handleMouseEvent</method>
      <line>431</line>
    </frame>
    <frame>
      <class>com.sun.glass.ui.View</class>
      <method>handleMouseEvent</method>
      <line>555</line>
    </frame>
    <frame>
      <class>com.sun.glass.ui.View</class>
      <method>notifyMouse</method>
      <line>937</line>
    </frame>
    <frame>
      <class>com.sun.glass.ui.win.WinApplication</class>
      <method>_runLoop</method>
    </frame>
    <frame>
      <class>com.sun.glass.ui.win.WinApplication</class>
      <method>lambda$null$147</method>
      <line>177</line>
    </frame>
    <frame>
      <class>java.lang.Thread</class>
      <method>run</method>
      <line>748</line>
    </frame>
  </exception>
</record>
<record>
  <date>2018-10-10T20:21:47</date>
  <millis>1539217307825</millis>
  <sequence>5</sequence>
  <logger>wetsu195.LoginController</logger>
  <level>WARNING</level>
  <class>wetsu195.LoginController</class>
  <method>Login</method>
  <thread>16</thread>
  <message>testhad afailed login attempt at 2018-10-11T00:21:47.825Z[UTC]</message>
</record>
<?xml version="1.0" encoding="UTF-8" standalone="no"?>
<!DOCTYPE log SYSTEM "logger.dtd">
<log>
<record>
  <date>2018-10-10T20:22:39</date>
  <millis>1539217359725</millis>
  <sequence>0</sequence>
  <logger>wetsu195.LoginController</logger>
  <level>CONFIG</level>
  <class>wetsu195.LoginController</class>
  <method>Login</method>
  <thread>16</thread>
  <message>config done.</message>
</record>
<record>
  <date>2018-10-10T20:22:59</date>
  <millis>1539217379470</millis>
  <sequence>1</sequence>
  <logger>wetsu195.LoginController</logger>
  <level>SEVERE</level>
  <class>wetsu195.LoginController</class>
  <method>checkCredentials</method>
  <thread>16</thread>
  <exception>
    <message>java.sql.SQLException: Invalid value for getInt() - 'Shannon'</message>
    <frame>
      <class>com.mysql.jdbc.SQLError</class>
      <method>createSQLException</method>
      <line>1074</line>
    </frame>
    <frame>
      <class>com.mysql.jdbc.SQLError</class>
      <method>createSQLException</method>
      <line>988</line>
    </frame>
    <frame>
      <class>com.mysql.jdbc.SQLError</class>
      <method>createSQLException</method>
      <line>974</line>
    </frame>
    <frame>
      <class>com.mysql.jdbc.SQLError</class>
      <method>createSQLException</method>
      <line>919</line>
    </frame>
    <frame>
      <class>com.mysql.jdbc.ResultSetImpl</class>
      <method>getInt</method>
      <line>2763</line>
    </frame>
    <frame>
      <class>wetsu195.Data.DbMgr</class>
      <method>getUserByCredentials</method>
      <line>112</line>
    </frame>
    <frame>
      <class>wetsu195.LoginController</class>
      <method>checkCredentials</method>
      <line>86</line>
    </frame>
    <frame>
      <class>wetsu195.LoginController</class>
      <method>Login</method>
      <line>107</line>
    </frame>
    <frame>
      <class>sun.reflect.NativeMethodAccessorImpl</class>
      <method>invoke0</method>
    </frame>
    <frame>
      <class>sun.reflect.NativeMethodAccessorImpl</class>
      <method>invoke</method>
      <line>62</line>
    </frame>
    <frame>
      <class>sun.reflect.DelegatingMethodAccessorImpl</class>
      <method>invoke</method>
      <line>43</line>
    </frame>
    <frame>
      <class>java.lang.reflect.Method</class>
      <method>invoke</method>
      <line>498</line>
    </frame>
    <frame>
      <class>sun.reflect.misc.Trampoline</class>
      <method>invoke</method>
      <line>71</line>
    </frame>
    <frame>
      <class>sun.reflect.GeneratedMethodAccessor1</class>
      <method>invoke</method>
    </frame>
    <frame>
      <class>sun.reflect.DelegatingMethodAccessorImpl</class>
      <method>invoke</method>
      <line>43</line>
    </frame>
    <frame>
      <class>java.lang.reflect.Method</class>
      <method>invoke</method>
      <line>498</line>
    </frame>
    <frame>
      <class>sun.reflect.misc.MethodUtil</class>
      <method>invoke</method>
      <line>275</line>
    </frame>
    <frame>
      <class>javafx.fxml.FXMLLoader$MethodHandler</class>
      <method>invoke</method>
      <line>1771</line>
    </frame>
    <frame>
      <class>javafx.fxml.FXMLLoader$ControllerMethodEventHandler</class>
      <method>handle</method>
      <line>1657</line>
    </frame>
    <frame>
      <class>com.sun.javafx.event.CompositeEventHandler</class>
      <method>dispatchBubblingEvent</method>
      <line>86</line>
    </frame>
    <frame>
      <class>com.sun.javafx.event.EventHandlerManager</class>
      <method>dispatchBubblingEvent</method>
      <line>238</line>
    </frame>
    <frame>
      <class>com.sun.javafx.event.EventHandlerManager</class>
      <method>dispatchBubblingEvent</method>
      <line>191</line>
    </frame>
    <frame>
      <class>com.sun.javafx.event.CompositeEventDispatcher</class>
      <method>dispatchBubblingEvent</method>
      <line>59</line>
    </frame>
    <frame>
      <class>com.sun.javafx.event.BasicEventDispatcher</class>
      <method>dispatchEvent</method>
      <line>58</line>
    </frame>
    <frame>
      <class>com.sun.javafx.event.EventDispatchChainImpl</class>
      <method>dispatchEvent</method>
      <line>114</line>
    </frame>
    <frame>
      <class>com.sun.javafx.event.BasicEventDispatcher</class>
      <method>dispatchEvent</method>
      <line>56</line>
    </frame>
    <frame>
      <class>com.sun.javafx.event.EventDispatchChainImpl</class>
      <method>dispatchEvent</method>
      <line>114</line>
    </frame>
    <frame>
      <class>com.sun.javafx.event.BasicEventDispatcher</class>
      <method>dispatchEvent</method>
      <line>56</line>
    </frame>
    <frame>
      <class>com.sun.javafx.event.EventDispatchChainImpl</class>
      <method>dispatchEvent</method>
      <line>114</line>
    </frame>
    <frame>
      <class>com.sun.javafx.event.EventUtil</class>
      <method>fireEventImpl</method>
      <line>74</line>
    </frame>
    <frame>
      <class>com.sun.javafx.event.EventUtil</class>
      <method>fireEvent</method>
      <line>49</line>
    </frame>
    <frame>
      <class>javafx.event.Event</class>
      <method>fireEvent</method>
      <line>198</line>
    </frame>
    <frame>
      <class>javafx.scene.Node</class>
      <method>fireEvent</method>
      <line>8411</line>
    </frame>
    <frame>
      <class>javafx.scene.control.Button</class>
      <method>fire</method>
      <line>185</line>
    </frame>
    <frame>
      <class>com.sun.javafx.scene.control.behavior.ButtonBehavior</class>
      <method>mouseReleased</method>
      <line>182</line>
    </frame>
    <frame>
      <class>com.sun.javafx.scene.control.skin.BehaviorSkinBase$1</class>
      <method>handle</method>
      <line>96</line>
    </frame>
    <frame>
      <class>com.sun.javafx.scene.control.skin.BehaviorSkinBase$1</class>
      <method>handle</method>
      <line>89</line>
    </frame>
    <frame>
      <class>com.sun.javafx.event.CompositeEventHandler$NormalEventHandlerRecord</class>
      <method>handleBubblingEvent</method>
      <line>218</line>
    </frame>
    <frame>
      <class>com.sun.javafx.event.CompositeEventHandler</class>
      <method>dispatchBubblingEvent</method>
      <line>80</line>
    </frame>
    <frame>
      <class>com.sun.javafx.event.EventHandlerManager</class>
      <method>dispatchBubblingEvent</method>
      <line>238</line>
    </frame>
    <frame>
      <class>com.sun.javafx.event.EventHandlerManager</class>
      <method>dispatchBubblingEvent</method>
      <line>191</line>
    </frame>
    <frame>
      <class>com.sun.javafx.event.CompositeEventDispatcher</class>
      <method>dispatchBubblingEvent</method>
      <line>59</line>
    </frame>
    <frame>
      <class>com.sun.javafx.event.BasicEventDispatcher</class>
      <method>dispatchEvent</method>
      <line>58</line>
    </frame>
    <frame>
      <class>com.sun.javafx.event.EventDispatchChainImpl</class>
      <method>dispatchEvent</method>
      <line>114</line>
    </frame>
    <frame>
      <class>com.sun.javafx.event.BasicEventDispatcher</class>
      <method>dispatchEvent</method>
      <line>56</line>
    </frame>
    <frame>
      <class>com.sun.javafx.event.EventDispatchChainImpl</class>
      <method>dispatchEvent</method>
      <line>114</line>
    </frame>
    <frame>
      <class>com.sun.javafx.event.BasicEventDispatcher</class>
      <method>dispatchEvent</method>
      <line>56</line>
    </frame>
    <frame>
      <class>com.sun.javafx.event.EventDispatchChainImpl</class>
      <method>dispatchEvent</method>
      <line>114</line>
    </frame>
    <frame>
      <class>com.sun.javafx.event.EventUtil</class>
      <method>fireEventImpl</method>
      <line>74</line>
    </frame>
    <frame>
      <class>com.sun.javafx.event.EventUtil</class>
      <method>fireEvent</method>
      <line>54</line>
    </frame>
    <frame>
      <class>javafx.event.Event</class>
      <method>fireEvent</method>
      <line>198</line>
    </frame>
    <frame>
      <class>javafx.scene.Scene$MouseHandler</class>
      <method>process</method>
      <line>3757</line>
    </frame>
    <frame>
      <class>javafx.scene.Scene$MouseHandler</class>
      <method>access$1500</method>
      <line>3485</line>
    </frame>
    <frame>
      <class>javafx.scene.Scene</class>
      <method>impl_processMouseEvent</method>
      <line>1762</line>
    </frame>
    <frame>
      <class>javafx.scene.Scene$ScenePeerListener</class>
      <method>mouseEvent</method>
      <line>2494</line>
    </frame>
    <frame>
      <class>com.sun.javafx.tk.quantum.GlassViewEventHandler$MouseEventNotification</class>
      <method>run</method>
      <line>394</line>
    </frame>
    <frame>
      <class>com.sun.javafx.tk.quantum.GlassViewEventHandler$MouseEventNotification</class>
      <method>run</method>
      <line>295</line>
    </frame>
    <frame>
      <class>java.security.AccessController</class>
      <method>doPrivileged</method>
    </frame>
    <frame>
      <class>com.sun.javafx.tk.quantum.GlassViewEventHandler</class>
      <method>lambda$handleMouseEvent$353</method>
      <line>432</line>
    </frame>
    <frame>
      <class>com.sun.javafx.tk.quantum.QuantumToolkit</class>
      <method>runWithoutRenderLock</method>
      <line>389</line>
    </frame>
    <frame>
      <class>com.sun.javafx.tk.quantum.GlassViewEventHandler</class>
      <method>handleMouseEvent</method>
      <line>431</line>
    </frame>
    <frame>
      <class>com.sun.glass.ui.View</class>
      <method>handleMouseEvent</method>
      <line>555</line>
    </frame>
    <frame>
      <class>com.sun.glass.ui.View</class>
      <method>notifyMouse</method>
      <line>937</line>
    </frame>
    <frame>
      <class>com.sun.glass.ui.win.WinApplication</class>
      <method>_runLoop</method>
    </frame>
    <frame>
      <class>com.sun.glass.ui.win.WinApplication</class>
      <method>lambda$null$147</method>
      <line>177</line>
    </frame>
    <frame>
      <class>java.lang.Thread</class>
      <method>run</method>
      <line>748</line>
    </frame>
  </exception>
</record>
<record>
  <date>2018-10-10T20:23:11</date>
  <millis>1539217391039</millis>
  <sequence>2</sequence>
  <logger>wetsu195.LoginController</logger>
  <level>WARNING</level>
  <class>wetsu195.LoginController</class>
  <method>Login</method>
  <thread>16</thread>
  <message>testhad afailed login attempt at 2018-10-11T00:23:11.038Z[UTC]</message>
</record>
<record>
  <date>2018-10-10T20:23:19</date>
  <millis>1539217399695</millis>
  <sequence>3</sequence>
  <logger>wetsu195.LoginController</logger>
  <level>CONFIG</level>
  <class>wetsu195.LoginController</class>
  <method>Login</method>
  <thread>16</thread>
  <message>config done.</message>
</record>
<?xml version="1.0" encoding="UTF-8" standalone="no"?>
<!DOCTYPE log SYSTEM "logger.dtd">
<log>
<record>
  <date>2018-10-10T20:24:10</date>
  <millis>1539217450259</millis>
  <sequence>0</sequence>
  <logger>wetsu195.LoginController</logger>
  <level>CONFIG</level>
  <class>wetsu195.LoginController</class>
  <method>Login</method>
  <thread>13</thread>
  <message>config done.</message>
</record>
<record>
  <date>2018-10-10T20:24:10</date>
  <millis>1539217450778</millis>
  <sequence>1</sequence>
  <logger>wetsu195.LoginController</logger>
  <level>SEVERE</level>
  <class>wetsu195.LoginController</class>
  <method>checkCredentials</method>
  <thread>13</thread>
  <exception>
    <message>java.sql.SQLException: Invalid value for getInt() - 'Shannon'</message>
    <frame>
      <class>com.mysql.jdbc.SQLError</class>
      <method>createSQLException</method>
      <line>1074</line>
    </frame>
    <frame>
      <class>com.mysql.jdbc.SQLError</class>
      <method>createSQLException</method>
      <line>988</line>
    </frame>
    <frame>
      <class>com.mysql.jdbc.SQLError</class>
      <method>createSQLException</method>
      <line>974</line>
    </frame>
    <frame>
      <class>com.mysql.jdbc.SQLError</class>
      <method>createSQLException</method>
      <line>919</line>
    </frame>
    <frame>
      <class>com.mysql.jdbc.ResultSetImpl</class>
      <method>getInt</method>
      <line>2763</line>
    </frame>
    <frame>
      <class>wetsu195.Data.DbMgr</class>
      <method>getUserByCredentials</method>
      <line>112</line>
    </frame>
    <frame>
      <class>wetsu195.LoginController</class>
      <method>checkCredentials</method>
      <line>86</line>
    </frame>
    <frame>
      <class>wetsu195.LoginController</class>
      <method>Login</method>
      <line>107</line>
    </frame>
    <frame>
      <class>sun.reflect.NativeMethodAccessorImpl</class>
      <method>invoke0</method>
    </frame>
    <frame>
      <class>sun.reflect.NativeMethodAccessorImpl</class>
      <method>invoke</method>
      <line>62</line>
    </frame>
    <frame>
      <class>sun.reflect.DelegatingMethodAccessorImpl</class>
      <method>invoke</method>
      <line>43</line>
    </frame>
    <frame>
      <class>java.lang.reflect.Method</class>
      <method>invoke</method>
      <line>498</line>
    </frame>
    <frame>
      <class>sun.reflect.misc.Trampoline</class>
      <method>invoke</method>
      <line>71</line>
    </frame>
    <frame>
      <class>sun.reflect.GeneratedMethodAccessor1</class>
      <method>invoke</method>
    </frame>
    <frame>
      <class>sun.reflect.DelegatingMethodAccessorImpl</class>
      <method>invoke</method>
      <line>43</line>
    </frame>
    <frame>
      <class>java.lang.reflect.Method</class>
      <method>invoke</method>
      <line>498</line>
    </frame>
    <frame>
      <class>sun.reflect.misc.MethodUtil</class>
      <method>invoke</method>
      <line>275</line>
    </frame>
    <frame>
      <class>javafx.fxml.FXMLLoader$MethodHandler</class>
      <method>invoke</method>
      <line>1771</line>
    </frame>
    <frame>
      <class>javafx.fxml.FXMLLoader$ControllerMethodEventHandler</class>
      <method>handle</method>
      <line>1657</line>
    </frame>
    <frame>
      <class>com.sun.javafx.event.CompositeEventHandler</class>
      <method>dispatchBubblingEvent</method>
      <line>86</line>
    </frame>
    <frame>
      <class>com.sun.javafx.event.EventHandlerManager</class>
      <method>dispatchBubblingEvent</method>
      <line>238</line>
    </frame>
    <frame>
      <class>com.sun.javafx.event.EventHandlerManager</class>
      <method>dispatchBubblingEvent</method>
      <line>191</line>
    </frame>
    <frame>
      <class>com.sun.javafx.event.CompositeEventDispatcher</class>
      <method>dispatchBubblingEvent</method>
      <line>59</line>
    </frame>
    <frame>
      <class>com.sun.javafx.event.BasicEventDispatcher</class>
      <method>dispatchEvent</method>
      <line>58</line>
    </frame>
    <frame>
      <class>com.sun.javafx.event.EventDispatchChainImpl</class>
      <method>dispatchEvent</method>
      <line>114</line>
    </frame>
    <frame>
      <class>com.sun.javafx.event.BasicEventDispatcher</class>
      <method>dispatchEvent</method>
      <line>56</line>
    </frame>
    <frame>
      <class>com.sun.javafx.event.EventDispatchChainImpl</class>
      <method>dispatchEvent</method>
      <line>114</line>
    </frame>
    <frame>
      <class>com.sun.javafx.event.BasicEventDispatcher</class>
      <method>dispatchEvent</method>
      <line>56</line>
    </frame>
    <frame>
      <class>com.sun.javafx.event.EventDispatchChainImpl</class>
      <method>dispatchEvent</method>
      <line>114</line>
    </frame>
    <frame>
      <class>com.sun.javafx.event.EventUtil</class>
      <method>fireEventImpl</method>
      <line>74</line>
    </frame>
    <frame>
      <class>com.sun.javafx.event.EventUtil</class>
      <method>fireEvent</method>
      <line>49</line>
    </frame>
    <frame>
      <class>javafx.event.Event</class>
      <method>fireEvent</method>
      <line>198</line>
    </frame>
    <frame>
      <class>javafx.scene.Node</class>
      <method>fireEvent</method>
      <line>8411</line>
    </frame>
    <frame>
      <class>javafx.scene.control.Button</class>
      <method>fire</method>
      <line>185</line>
    </frame>
    <frame>
      <class>com.sun.javafx.scene.control.skin.ButtonSkin</class>
      <method>lambda$new$280</method>
      <line>102</line>
    </frame>
    <frame>
      <class>com.sun.javafx.scene.KeyboardShortcutsHandler</class>
      <method>processAccelerators</method>
      <line>347</line>
    </frame>
    <frame>
      <class>com.sun.javafx.scene.KeyboardShortcutsHandler</class>
      <method>dispatchBubblingEvent</method>
      <line>163</line>
    </frame>
    <frame>
      <class>com.sun.javafx.event.CompositeEventDispatcher</class>
      <method>dispatchBubblingEvent</method>
      <line>59</line>
    </frame>
    <frame>
      <class>com.sun.javafx.event.BasicEventDispatcher</class>
      <method>dispatchEvent</method>
      <line>58</line>
    </frame>
    <frame>
      <class>com.sun.javafx.event.EventDispatchChainImpl</class>
      <method>dispatchEvent</method>
      <line>114</line>
    </frame>
    <frame>
      <class>com.sun.javafx.event.BasicEventDispatcher</class>
      <method>dispatchEvent</method>
      <line>56</line>
    </frame>
    <frame>
      <class>com.sun.javafx.event.EventDispatchChainImpl</class>
      <method>dispatchEvent</method>
      <line>114</line>
    </frame>
    <frame>
      <class>com.sun.javafx.event.EventUtil</class>
      <method>fireEventImpl</method>
      <line>74</line>
    </frame>
    <frame>
      <class>com.sun.javafx.event.EventUtil</class>
      <method>fireEvent</method>
      <line>54</line>
    </frame>
    <frame>
      <class>javafx.event.Event</class>
      <method>fireEvent</method>
      <line>198</line>
    </frame>
    <frame>
      <class>javafx.scene.Scene$KeyHandler</class>
      <method>process</method>
      <line>3964</line>
    </frame>
    <frame>
      <class>javafx.scene.Scene$KeyHandler</class>
      <method>access$1800</method>
      <line>3910</line>
    </frame>
    <frame>
      <class>javafx.scene.Scene</class>
      <method>impl_processKeyEvent</method>
      <line>2040</line>
    </frame>
    <frame>
      <class>javafx.scene.Scene$ScenePeerListener</class>
      <method>keyEvent</method>
      <line>2501</line>
    </frame>
    <frame>
      <class>com.sun.javafx.tk.quantum.GlassViewEventHandler$KeyEventNotification</class>
      <method>run</method>
      <line>217</line>
    </frame>
    <frame>
      <class>com.sun.javafx.tk.quantum.GlassViewEventHandler$KeyEventNotification</class>
      <method>run</method>
      <line>149</line>
    </frame>
    <frame>
      <class>java.security.AccessController</class>
      <method>doPrivileged</method>
    </frame>
    <frame>
      <class>com.sun.javafx.tk.quantum.GlassViewEventHandler</class>
      <method>lambda$handleKeyEvent$352</method>
      <line>248</line>
    </frame>
    <frame>
      <class>com.sun.javafx.tk.quantum.QuantumToolkit</class>
      <method>runWithoutRenderLock</method>
      <line>389</line>
    </frame>
    <frame>
      <class>com.sun.javafx.tk.quantum.GlassViewEventHandler</class>
      <method>handleKeyEvent</method>
      <line>247</line>
    </frame>
    <frame>
      <class>com.sun.glass.ui.View</class>
      <method>handleKeyEvent</method>
      <line>546</line>
    </frame>
    <frame>
      <class>com.sun.glass.ui.View</class>
      <method>notifyKey</method>
      <line>966</line>
    </frame>
    <frame>
      <class>com.sun.glass.ui.win.WinApplication</class>
      <method>_runLoop</method>
    </frame>
    <frame>
      <class>com.sun.glass.ui.win.WinApplication</class>
      <method>lambda$null$147</method>
      <line>177</line>
    </frame>
    <frame>
      <class>java.lang.Thread</class>
      <method>run</method>
      <line>748</line>
    </frame>
  </exception>
</record>
<record>
  <date>2018-10-10T20:24:10</date>
  <millis>1539217450795</millis>
  <sequence>2</sequence>
  <logger>wetsu195.LoginController</logger>
  <level>WARNING</level>
  <class>wetsu195.LoginController</class>
  <method>Login</method>
  <thread>13</thread>
  <message>testhad afailed login attempt at 2018-10-11T00:24:10.794Z[UTC]</message>
</record>
<record>
  <date>2018-10-10T20:24:12</date>
  <millis>1539217452940</millis>
  <sequence>3</sequence>
  <logger>wetsu195.LoginController</logger>
  <level>CONFIG</level>
  <class>wetsu195.LoginController</class>
  <method>Login</method>
  <thread>13</thread>
  <message>config done.</message>
</record>
<record>
  <date>2018-10-10T20:24:13</date>
  <millis>1539217453336</millis>
  <sequence>4</sequence>
  <logger>wetsu195.LoginController</logger>
  <level>SEVERE</level>
  <class>wetsu195.LoginController</class>
  <method>checkCredentials</method>
  <thread>13</thread>
  <exception>
    <message>java.sql.SQLException: Invalid value for getInt() - 'Shannon'</message>
    <frame>
      <class>com.mysql.jdbc.SQLError</class>
      <method>createSQLException</method>
      <line>1074</line>
    </frame>
    <frame>
      <class>com.mysql.jdbc.SQLError</class>
      <method>createSQLException</method>
      <line>988</line>
    </frame>
    <frame>
      <class>com.mysql.jdbc.SQLError</class>
      <method>createSQLException</method>
      <line>974</line>
    </frame>
    <frame>
      <class>com.mysql.jdbc.SQLError</class>
      <method>createSQLException</method>
      <line>919</line>
    </frame>
    <frame>
      <class>com.mysql.jdbc.ResultSetImpl</class>
      <method>getInt</method>
      <line>2763</line>
    </frame>
    <frame>
      <class>wetsu195.Data.DbMgr</class>
      <method>getUserByCredentials</method>
      <line>112</line>
    </frame>
    <frame>
      <class>wetsu195.LoginController</class>
      <method>checkCredentials</method>
      <line>86</line>
    </frame>
    <frame>
      <class>wetsu195.LoginController</class>
      <method>Login</method>
      <line>107</line>
    </frame>
    <frame>
      <class>sun.reflect.NativeMethodAccessorImpl</class>
      <method>invoke0</method>
    </frame>
    <frame>
      <class>sun.reflect.NativeMethodAccessorImpl</class>
      <method>invoke</method>
      <line>62</line>
    </frame>
    <frame>
      <class>sun.reflect.DelegatingMethodAccessorImpl</class>
      <method>invoke</method>
      <line>43</line>
    </frame>
    <frame>
      <class>java.lang.reflect.Method</class>
      <method>invoke</method>
      <line>498</line>
    </frame>
    <frame>
      <class>sun.reflect.misc.Trampoline</class>
      <method>invoke</method>
      <line>71</line>
    </frame>
    <frame>
      <class>sun.reflect.GeneratedMethodAccessor1</class>
      <method>invoke</method>
    </frame>
    <frame>
      <class>sun.reflect.DelegatingMethodAccessorImpl</class>
      <method>invoke</method>
      <line>43</line>
    </frame>
    <frame>
      <class>java.lang.reflect.Method</class>
      <method>invoke</method>
      <line>498</line>
    </frame>
    <frame>
      <class>sun.reflect.misc.MethodUtil</class>
      <method>invoke</method>
      <line>275</line>
    </frame>
    <frame>
      <class>javafx.fxml.FXMLLoader$MethodHandler</class>
      <method>invoke</method>
      <line>1771</line>
    </frame>
    <frame>
      <class>javafx.fxml.FXMLLoader$ControllerMethodEventHandler</class>
      <method>handle</method>
      <line>1657</line>
    </frame>
    <frame>
      <class>com.sun.javafx.event.CompositeEventHandler</class>
      <method>dispatchBubblingEvent</method>
      <line>86</line>
    </frame>
    <frame>
      <class>com.sun.javafx.event.EventHandlerManager</class>
      <method>dispatchBubblingEvent</method>
      <line>238</line>
    </frame>
    <frame>
      <class>com.sun.javafx.event.EventHandlerManager</class>
      <method>dispatchBubblingEvent</method>
      <line>191</line>
    </frame>
    <frame>
      <class>com.sun.javafx.event.CompositeEventDispatcher</class>
      <method>dispatchBubblingEvent</method>
      <line>59</line>
    </frame>
    <frame>
      <class>com.sun.javafx.event.BasicEventDispatcher</class>
      <method>dispatchEvent</method>
      <line>58</line>
    </frame>
    <frame>
      <class>com.sun.javafx.event.EventDispatchChainImpl</class>
      <method>dispatchEvent</method>
      <line>114</line>
    </frame>
    <frame>
      <class>com.sun.javafx.event.BasicEventDispatcher</class>
      <method>dispatchEvent</method>
      <line>56</line>
    </frame>
    <frame>
      <class>com.sun.javafx.event.EventDispatchChainImpl</class>
      <method>dispatchEvent</method>
      <line>114</line>
    </frame>
    <frame>
      <class>com.sun.javafx.event.BasicEventDispatcher</class>
      <method>dispatchEvent</method>
      <line>56</line>
    </frame>
    <frame>
      <class>com.sun.javafx.event.EventDispatchChainImpl</class>
      <method>dispatchEvent</method>
      <line>114</line>
    </frame>
    <frame>
      <class>com.sun.javafx.event.EventUtil</class>
      <method>fireEventImpl</method>
      <line>74</line>
    </frame>
    <frame>
      <class>com.sun.javafx.event.EventUtil</class>
      <method>fireEvent</method>
      <line>49</line>
    </frame>
    <frame>
      <class>javafx.event.Event</class>
      <method>fireEvent</method>
      <line>198</line>
    </frame>
    <frame>
      <class>javafx.scene.Node</class>
      <method>fireEvent</method>
      <line>8411</line>
    </frame>
    <frame>
      <class>javafx.scene.control.Button</class>
      <method>fire</method>
      <line>185</line>
    </frame>
    <frame>
      <class>com.sun.javafx.scene.control.skin.ButtonSkin</class>
      <method>lambda$new$280</method>
      <line>102</line>
    </frame>
    <frame>
      <class>com.sun.javafx.scene.KeyboardShortcutsHandler</class>
      <method>processAccelerators</method>
      <line>347</line>
    </frame>
    <frame>
      <class>com.sun.javafx.scene.KeyboardShortcutsHandler</class>
      <method>dispatchBubblingEvent</method>
      <line>163</line>
    </frame>
    <frame>
      <class>com.sun.javafx.event.CompositeEventDispatcher</class>
      <method>dispatchBubblingEvent</method>
      <line>59</line>
    </frame>
    <frame>
      <class>com.sun.javafx.event.BasicEventDispatcher</class>
      <method>dispatchEvent</method>
      <line>58</line>
    </frame>
    <frame>
      <class>com.sun.javafx.event.EventDispatchChainImpl</class>
      <method>dispatchEvent</method>
      <line>114</line>
    </frame>
    <frame>
      <class>com.sun.javafx.event.BasicEventDispatcher</class>
      <method>dispatchEvent</method>
      <line>56</line>
    </frame>
    <frame>
      <class>com.sun.javafx.event.EventDispatchChainImpl</class>
      <method>dispatchEvent</method>
      <line>114</line>
    </frame>
    <frame>
      <class>com.sun.javafx.event.EventUtil</class>
      <method>fireEventImpl</method>
      <line>74</line>
    </frame>
    <frame>
      <class>com.sun.javafx.event.EventUtil</class>
      <method>fireEvent</method>
      <line>54</line>
    </frame>
    <frame>
      <class>javafx.event.Event</class>
      <method>fireEvent</method>
      <line>198</line>
    </frame>
    <frame>
      <class>javafx.scene.Scene$KeyHandler</class>
      <method>process</method>
      <line>3964</line>
    </frame>
    <frame>
      <class>javafx.scene.Scene$KeyHandler</class>
      <method>access$1800</method>
      <line>3910</line>
    </frame>
    <frame>
      <class>javafx.scene.Scene</class>
      <method>impl_processKeyEvent</method>
      <line>2040</line>
    </frame>
    <frame>
      <class>javafx.scene.Scene$ScenePeerListener</class>
      <method>keyEvent</method>
      <line>2501</line>
    </frame>
    <frame>
      <class>com.sun.javafx.tk.quantum.GlassViewEventHandler$KeyEventNotification</class>
      <method>run</method>
      <line>217</line>
    </frame>
    <frame>
      <class>com.sun.javafx.tk.quantum.GlassViewEventHandler$KeyEventNotification</class>
      <method>run</method>
      <line>149</line>
    </frame>
    <frame>
      <class>java.security.AccessController</class>
      <method>doPrivileged</method>
    </frame>
    <frame>
      <class>com.sun.javafx.tk.quantum.GlassViewEventHandler</class>
      <method>lambda$handleKeyEvent$352</method>
      <line>248</line>
    </frame>
    <frame>
      <class>com.sun.javafx.tk.quantum.QuantumToolkit</class>
      <method>runWithoutRenderLock</method>
      <line>389</line>
    </frame>
    <frame>
      <class>com.sun.javafx.tk.quantum.GlassViewEventHandler</class>
      <method>handleKeyEvent</method>
      <line>247</line>
    </frame>
    <frame>
      <class>com.sun.glass.ui.View</class>
      <method>handleKeyEvent</method>
      <line>546</line>
    </frame>
    <frame>
      <class>com.sun.glass.ui.View</class>
      <method>notifyKey</method>
      <line>966</line>
    </frame>
    <frame>
      <class>com.sun.glass.ui.win.WinApplication</class>
      <method>_runLoop</method>
    </frame>
    <frame>
      <class>com.sun.glass.ui.win.WinApplication</class>
      <method>lambda$null$147</method>
      <line>177</line>
    </frame>
    <frame>
      <class>java.lang.Thread</class>
      <method>run</method>
      <line>748</line>
    </frame>
  </exception>
</record>
<record>
  <date>2018-10-10T20:24:13</date>
  <millis>1539217453339</millis>
  <sequence>5</sequence>
  <logger>wetsu195.LoginController</logger>
  <level>WARNING</level>
  <class>wetsu195.LoginController</class>
  <method>Login</method>
  <thread>13</thread>
  <message>testhad afailed login attempt at 2018-10-11T00:24:13.339Z[UTC]</message>
</record>
</log>
<?xml version="1.0" encoding="UTF-8" standalone="no"?>
<!DOCTYPE log SYSTEM "logger.dtd">
<log>
<record>
  <date>2018-10-10T20:24:39</date>
  <millis>1539217479004</millis>
  <sequence>0</sequence>
  <logger>wetsu195.LoginController</logger>
  <level>CONFIG</level>
  <class>wetsu195.LoginController</class>
  <method>Login</method>
  <thread>13</thread>
  <message>config done.</message>
</record>
<record>
  <date>2018-10-10T20:24:39</date>
  <millis>1539217479558</millis>
  <sequence>1</sequence>
  <logger>wetsu195.LoginController</logger>
  <level>FINE</level>
  <class>wetsu195.LoginController</class>
  <method>Login</method>
  <thread>13</thread>
  <message>test(userid 1) successfully logged in at 2018-10-11T00:24:39.558Z[UTC]</message>
</record>
</log>
<?xml version="1.0" encoding="UTF-8" standalone="no"?>
<!DOCTYPE log SYSTEM "logger.dtd">
<log>
<record>
  <date>2018-10-10T21:27:15</date>
  <millis>1539221235790</millis>
  <sequence>0</sequence>
  <logger>wetsu195.LoginController</logger>
  <level>CONFIG</level>
  <class>wetsu195.LoginController</class>
  <method>Login</method>
  <thread>13</thread>
  <message>config done.</message>
</record>
<record>
  <date>2018-10-10T21:27:16</date>
  <millis>1539221236356</millis>
  <sequence>1</sequence>
  <logger>wetsu195.LoginController</logger>
  <level>FINE</level>
  <class>wetsu195.LoginController</class>
  <method>Login</method>
  <thread>13</thread>
  <message>test(userid 1) successfully logged in at 2018-10-11T01:27:16.355Z[UTC]</message>
</record>
</log>
<?xml version="1.0" encoding="UTF-8" standalone="no"?>
<!DOCTYPE log SYSTEM "logger.dtd">
<log>
<record>
  <date>2018-10-10T21:29:32</date>
  <millis>1539221372829</millis>
  <sequence>0</sequence>
  <logger>wetsu195.LoginController</logger>
  <level>CONFIG</level>
  <class>wetsu195.LoginController</class>
  <method>Login</method>
  <thread>13</thread>
  <message>config done.</message>
</record>
<record>
  <date>2018-10-10T21:29:33</date>
  <millis>1539221373367</millis>
  <sequence>1</sequence>
  <logger>wetsu195.LoginController</logger>
  <level>FINE</level>
  <class>wetsu195.LoginController</class>
  <method>Login</method>
  <thread>13</thread>
  <message>test(userid 1) successfully logged in at 2018-10-11T01:29:33.367Z[UTC]</message>
</record>
</log>
<?xml version="1.0" encoding="UTF-8" standalone="no"?>
<!DOCTYPE log SYSTEM "logger.dtd">
<log>
<record>
  <date>2018-10-10T22:01:04</date>
  <millis>1539223264303</millis>
  <sequence>0</sequence>
  <logger>wetsu195.LoginController</logger>
  <level>CONFIG</level>
  <class>wetsu195.LoginController</class>
  <method>Login</method>
  <thread>13</thread>
  <message>config done.</message>
</record>
<record>
  <date>2018-10-10T22:01:04</date>
  <millis>1539223264835</millis>
  <sequence>1</sequence>
  <logger>wetsu195.LoginController</logger>
  <level>FINE</level>
  <class>wetsu195.LoginController</class>
  <method>Login</method>
  <thread>13</thread>
  <message>test(userid 1) successfully logged in at 2018-10-11T02:01:04.835Z[UTC]</message>
</record>
</log>
<?xml version="1.0" encoding="UTF-8" standalone="no"?>
<!DOCTYPE log SYSTEM "logger.dtd">
<log>
<record>
  <date>2018-10-10T22:02:28</date>
  <millis>1539223348407</millis>
  <sequence>0</sequence>
  <logger>wetsu195.LoginController</logger>
  <level>CONFIG</level>
  <class>wetsu195.LoginController</class>
  <method>Login</method>
  <thread>16</thread>
  <message>config done.</message>
</record>
<record>
  <date>2018-10-10T22:02:33</date>
  <millis>1539223353764</millis>
  <sequence>1</sequence>
  <logger>wetsu195.LoginController</logger>
  <level>FINE</level>
  <class>wetsu195.LoginController</class>
  <method>Login</method>
  <thread>16</thread>
  <message>test(userid 1) successfully logged in at 2018-10-11T02:02:33.763Z[UTC]</message>
</record>
<?xml version="1.0" encoding="UTF-8" standalone="no"?>
<!DOCTYPE log SYSTEM "logger.dtd">
<log>
<record>
  <date>2018-10-10T22:08:12</date>
  <millis>1539223692436</millis>
  <sequence>0</sequence>
  <logger>wetsu195.LoginController</logger>
  <level>CONFIG</level>
  <class>wetsu195.LoginController</class>
  <method>Login</method>
  <thread>13</thread>
  <message>config done.</message>
</record>
<record>
  <date>2018-10-10T22:08:13</date>
  <millis>1539223693035</millis>
  <sequence>1</sequence>
  <logger>wetsu195.LoginController</logger>
  <level>FINE</level>
  <class>wetsu195.LoginController</class>
  <method>Login</method>
  <thread>13</thread>
  <message>test(userid 1) successfully logged in at 2018-10-11T02:08:13.034Z[UTC]</message>
</record>
</log>
<?xml version="1.0" encoding="UTF-8" standalone="no"?>
<!DOCTYPE log SYSTEM "logger.dtd">
<log>
<record>
  <date>2018-10-10T22:10:32</date>
  <millis>1539223832855</millis>
  <sequence>0</sequence>
  <logger>wetsu195.LoginController</logger>
  <level>CONFIG</level>
  <class>wetsu195.LoginController</class>
  <method>Login</method>
  <thread>13</thread>
  <message>config done.</message>
</record>
<record>
  <date>2018-10-10T22:10:33</date>
  <millis>1539223833399</millis>
  <sequence>1</sequence>
  <logger>wetsu195.LoginController</logger>
  <level>FINE</level>
  <class>wetsu195.LoginController</class>
  <method>Login</method>
  <thread>13</thread>
  <message>test(userid 1) successfully logged in at 2018-10-11T02:10:33.398Z[UTC]</message>
</record>
</log>
<?xml version="1.0" encoding="UTF-8" standalone="no"?>
<!DOCTYPE log SYSTEM "logger.dtd">
<log>
<record>
  <date>2018-10-11T09:47:45</date>
  <millis>1539265665904</millis>
  <sequence>0</sequence>
  <logger>wetsu195.LoginController</logger>
  <level>CONFIG</level>
  <class>wetsu195.LoginController</class>
  <method>Login</method>
  <thread>13</thread>
  <message>config done.</message>
</record>
<record>
  <date>2018-10-11T09:47:46</date>
  <millis>1539265666452</millis>
  <sequence>1</sequence>
  <logger>wetsu195.LoginController</logger>
  <level>FINE</level>
  <class>wetsu195.LoginController</class>
  <method>Login</method>
  <thread>13</thread>
  <message>test(userid 1) successfully logged in at 2018-10-11T13:47:46.451Z[UTC]</message>
</record>
</log>
<?xml version="1.0" encoding="UTF-8" standalone="no"?>
<!DOCTYPE log SYSTEM "logger.dtd">
<log>
<record>
  <date>2018-10-11T15:00:30</date>
  <millis>1539284430648</millis>
  <sequence>0</sequence>
  <logger>wetsu195.LoginController</logger>
  <level>CONFIG</level>
  <class>wetsu195.LoginController</class>
  <method>Login</method>
  <thread>13</thread>
  <message>config done.</message>
</record>
<record>
  <date>2018-10-11T15:00:31</date>
  <millis>1539284431218</millis>
  <sequence>1</sequence>
  <logger>wetsu195.LoginController</logger>
  <level>FINE</level>
  <class>wetsu195.LoginController</class>
  <method>Login</method>
  <thread>13</thread>
  <message>test(userid 1) successfully logged in at 2018-10-11T19:00:31.191Z[UTC]</message>
</record>
</log>
<?xml version="1.0" encoding="UTF-8" standalone="no"?>
<!DOCTYPE log SYSTEM "logger.dtd">
<log>
<record>
  <date>2018-10-11T15:03:19</date>
  <millis>1539284599295</millis>
  <sequence>0</sequence>
  <logger>wetsu195.LoginController</logger>
  <level>CONFIG</level>
  <class>wetsu195.LoginController</class>
  <method>Login</method>
  <thread>13</thread>
  <message>config done.</message>
</record>
<record>
  <date>2018-10-11T15:03:19</date>
  <millis>1539284599820</millis>
  <sequence>1</sequence>
  <logger>wetsu195.LoginController</logger>
  <level>FINE</level>
  <class>wetsu195.LoginController</class>
  <method>Login</method>
  <thread>13</thread>
  <message>test(userid 1) successfully logged in at 2018-10-11T19:03:19.820Z[UTC]</message>
</record>
</log>
<?xml version="1.0" encoding="UTF-8" standalone="no"?>
<!DOCTYPE log SYSTEM "logger.dtd">
<log>
<record>
  <date>2018-10-11T15:04:27</date>
  <millis>1539284667259</millis>
  <sequence>0</sequence>
  <logger>wetsu195.LoginController</logger>
  <level>CONFIG</level>
  <class>wetsu195.LoginController</class>
  <method>Login</method>
  <thread>13</thread>
  <message>config done.</message>
</record>
<record>
  <date>2018-10-11T15:04:27</date>
  <millis>1539284667790</millis>
  <sequence>1</sequence>
  <logger>wetsu195.LoginController</logger>
  <level>FINE</level>
  <class>wetsu195.LoginController</class>
  <method>Login</method>
  <thread>13</thread>
  <message>test(userid 1) successfully logged in at 2018-10-11T19:04:27.789Z[UTC]</message>
</record>
</log>
<?xml version="1.0" encoding="UTF-8" standalone="no"?>
<!DOCTYPE log SYSTEM "logger.dtd">
<log>
<record>
  <date>2018-10-11T15:05:16</date>
  <millis>1539284716356</millis>
  <sequence>0</sequence>
  <logger>wetsu195.LoginController</logger>
  <level>CONFIG</level>
  <class>wetsu195.LoginController</class>
  <method>Login</method>
  <thread>16</thread>
  <message>config done.</message>
</record>
<record>
  <date>2018-10-11T15:05:16</date>
  <millis>1539284716932</millis>
  <sequence>1</sequence>
  <logger>wetsu195.LoginController</logger>
  <level>FINE</level>
  <class>wetsu195.LoginController</class>
  <method>Login</method>
  <thread>16</thread>
  <message>test(userid 1) successfully logged in at 2018-10-11T19:05:16.932Z[UTC]</message>
</record>
<?xml version="1.0" encoding="UTF-8" standalone="no"?>
<!DOCTYPE log SYSTEM "logger.dtd">
<log>
<record>
  <date>2018-10-11T15:06:16</date>
  <millis>1539284776996</millis>
  <sequence>0</sequence>
  <logger>wetsu195.LoginController</logger>
  <level>CONFIG</level>
  <class>wetsu195.LoginController</class>
  <method>Login</method>
  <thread>16</thread>
  <message>config done.</message>
</record>
<record>
  <date>2018-10-11T15:06:17</date>
  <millis>1539284777563</millis>
  <sequence>1</sequence>
  <logger>wetsu195.LoginController</logger>
  <level>FINE</level>
  <class>wetsu195.LoginController</class>
  <method>Login</method>
  <thread>16</thread>
  <message>test(userid 1) successfully logged in at 2018-10-11T19:06:17.562Z[UTC]</message>
</record>
<?xml version="1.0" encoding="UTF-8" standalone="no"?>
<!DOCTYPE log SYSTEM "logger.dtd">
<log>
<record>
  <date>2018-10-11T15:07:01</date>
  <millis>1539284821551</millis>
  <sequence>0</sequence>
  <logger>wetsu195.LoginController</logger>
  <level>CONFIG</level>
  <class>wetsu195.LoginController</class>
  <method>Login</method>
  <thread>16</thread>
  <message>config done.</message>
</record>
<record>
  <date>2018-10-11T15:07:02</date>
  <millis>1539284822133</millis>
  <sequence>1</sequence>
  <logger>wetsu195.LoginController</logger>
  <level>FINE</level>
  <class>wetsu195.LoginController</class>
  <method>Login</method>
  <thread>16</thread>
  <message>test(userid 1) successfully logged in at 2018-10-11T19:07:02.132Z[UTC]</message>
</record>
<?xml version="1.0" encoding="UTF-8" standalone="no"?>
<!DOCTYPE log SYSTEM "logger.dtd">
<log>
<record>
  <date>2018-10-11T15:10:01</date>
  <millis>1539285001587</millis>
  <sequence>0</sequence>
  <logger>wetsu195.LoginController</logger>
  <level>CONFIG</level>
  <class>wetsu195.LoginController</class>
  <method>Login</method>
  <thread>16</thread>
  <message>config done.</message>
</record>
<record>
  <date>2018-10-11T15:10:02</date>
  <millis>1539285002180</millis>
  <sequence>1</sequence>
  <logger>wetsu195.LoginController</logger>
  <level>FINE</level>
  <class>wetsu195.LoginController</class>
  <method>Login</method>
  <thread>16</thread>
  <message>test(userid 1) successfully logged in at 2018-10-11T19:10:02.180Z[UTC]</message>
</record>
</log>
<?xml version="1.0" encoding="UTF-8" standalone="no"?>
<!DOCTYPE log SYSTEM "logger.dtd">
<log>
<record>
  <date>2018-10-11T15:21:08</date>
  <millis>1539285668774</millis>
  <sequence>0</sequence>
  <logger>wetsu195.LoginController</logger>
  <level>CONFIG</level>
  <class>wetsu195.LoginController</class>
  <method>Login</method>
  <thread>13</thread>
  <message>config done.</message>
</record>
<record>
  <date>2018-10-11T15:21:09</date>
  <millis>1539285669328</millis>
  <sequence>1</sequence>
  <logger>wetsu195.LoginController</logger>
  <level>FINE</level>
  <class>wetsu195.LoginController</class>
  <method>Login</method>
  <thread>13</thread>
  <message>test(userid 1) successfully logged in at 2018-10-11T19:21:09.328Z[UTC]</message>
</record>
</log>
<?xml version="1.0" encoding="UTF-8" standalone="no"?>
<!DOCTYPE log SYSTEM "logger.dtd">
<log>
<record>
  <date>2018-10-11T15:27:01</date>
  <millis>1539286021700</millis>
  <sequence>0</sequence>
  <logger>wetsu195.LoginController</logger>
  <level>CONFIG</level>
  <class>wetsu195.LoginController</class>
  <method>Login</method>
  <thread>13</thread>
  <message>config done.</message>
</record>
<record>
  <date>2018-10-11T15:27:02</date>
  <millis>1539286022246</millis>
  <sequence>1</sequence>
  <logger>wetsu195.LoginController</logger>
  <level>FINE</level>
  <class>wetsu195.LoginController</class>
  <method>Login</method>
  <thread>13</thread>
  <message>test(userid 1) successfully logged in at 2018-10-11T19:27:02.245Z[UTC]</message>
</record>
</log>
<?xml version="1.0" encoding="UTF-8" standalone="no"?>
<!DOCTYPE log SYSTEM "logger.dtd">
<log>
<record>
  <date>2018-10-11T20:56:07</date>
  <millis>1539305767669</millis>
  <sequence>0</sequence>
  <logger>wetsu195.LoginController</logger>
  <level>CONFIG</level>
  <class>wetsu195.LoginController</class>
  <method>Login</method>
  <thread>13</thread>
  <message>config done.</message>
</record>
<record>
  <date>2018-10-11T20:56:08</date>
  <millis>1539305768286</millis>
  <sequence>1</sequence>
  <logger>wetsu195.LoginController</logger>
  <level>FINE</level>
  <class>wetsu195.LoginController</class>
  <method>Login</method>
  <thread>13</thread>
  <message>test(userid 1) successfully logged in at 2018-10-12T00:56:08.258Z[UTC]</message>
</record>
</log>
<?xml version="1.0" encoding="UTF-8" standalone="no"?>
<!DOCTYPE log SYSTEM "logger.dtd">
<log>
<record>
  <date>2018-10-11T21:51:18</date>
  <millis>1539309078354</millis>
  <sequence>0</sequence>
  <logger>wetsu195.LoginController</logger>
  <level>CONFIG</level>
  <class>wetsu195.LoginController</class>
  <method>Login</method>
  <thread>13</thread>
  <message>config done.</message>
</record>
<record>
  <date>2018-10-11T21:51:18</date>
  <millis>1539309078899</millis>
  <sequence>1</sequence>
  <logger>wetsu195.LoginController</logger>
  <level>FINE</level>
  <class>wetsu195.LoginController</class>
  <method>Login</method>
  <thread>13</thread>
  <message>test(userid 1) successfully logged in at 2018-10-12T01:51:18.899Z[UTC]</message>
</record>
</log>
<?xml version="1.0" encoding="UTF-8" standalone="no"?>
<!DOCTYPE log SYSTEM "logger.dtd">
<log>
<record>
  <date>2018-10-11T21:52:49</date>
  <millis>1539309169256</millis>
  <sequence>0</sequence>
  <logger>wetsu195.LoginController</logger>
  <level>CONFIG</level>
  <class>wetsu195.LoginController</class>
  <method>Login</method>
  <thread>13</thread>
  <message>config done.</message>
</record>
<record>
  <date>2018-10-11T21:52:49</date>
  <millis>1539309169845</millis>
  <sequence>1</sequence>
  <logger>wetsu195.LoginController</logger>
  <level>FINE</level>
  <class>wetsu195.LoginController</class>
  <method>Login</method>
  <thread>13</thread>
  <message>shannon(userid 2) successfully logged in at 2018-10-12T01:52:49.845Z[UTC]</message>
</record>
</log>
<?xml version="1.0" encoding="UTF-8" standalone="no"?>
<!DOCTYPE log SYSTEM "logger.dtd">
<log>
<record>
  <date>2018-10-11T21:57:04</date>
  <millis>1539309424174</millis>
  <sequence>0</sequence>
  <logger>wetsu195.LoginController</logger>
  <level>CONFIG</level>
  <class>wetsu195.LoginController</class>
  <method>Login</method>
  <thread>16</thread>
  <message>config done.</message>
</record>
<record>
  <date>2018-10-11T21:57:04</date>
  <millis>1539309424798</millis>
  <sequence>1</sequence>
  <logger>wetsu195.LoginController</logger>
  <level>FINE</level>
  <class>wetsu195.LoginController</class>
  <method>Login</method>
  <thread>16</thread>
  <message>test(userid 1) successfully logged in at 2018-10-12T01:57:04.798Z[UTC]</message>
</record>
<?xml version="1.0" encoding="UTF-8" standalone="no"?>
<!DOCTYPE log SYSTEM "logger.dtd">
<log>
<record>
  <date>2018-10-11T22:00:48</date>
  <millis>1539309648596</millis>
  <sequence>0</sequence>
  <logger>wetsu195.LoginController</logger>
  <level>CONFIG</level>
  <class>wetsu195.LoginController</class>
  <method>Login</method>
  <thread>13</thread>
  <message>config done.</message>
</record>
<record>
  <date>2018-10-11T22:00:49</date>
  <millis>1539309649164</millis>
  <sequence>1</sequence>
  <logger>wetsu195.LoginController</logger>
  <level>FINE</level>
  <class>wetsu195.LoginController</class>
  <method>Login</method>
  <thread>13</thread>
  <message>test(userid 1) successfully logged in at 2018-10-12T02:00:49.163Z[UTC]</message>
</record>
</log>
<?xml version="1.0" encoding="UTF-8" standalone="no"?>
<!DOCTYPE log SYSTEM "logger.dtd">
<log>
<record>
  <date>2018-10-11T22:07:00</date>
  <millis>1539310020171</millis>
  <sequence>0</sequence>
  <logger>wetsu195.LoginController</logger>
  <level>CONFIG</level>
  <class>wetsu195.LoginController</class>
  <method>Login</method>
  <thread>13</thread>
  <message>config done.</message>
</record>
<record>
  <date>2018-10-11T22:07:00</date>
  <millis>1539310020725</millis>
  <sequence>1</sequence>
  <logger>wetsu195.LoginController</logger>
  <level>FINE</level>
  <class>wetsu195.LoginController</class>
  <method>Login</method>
  <thread>13</thread>
  <message>test(userid 1) successfully logged in at 2018-10-12T02:07:00.725Z[UTC]</message>
</record>
</log>
<?xml version="1.0" encoding="UTF-8" standalone="no"?>
<!DOCTYPE log SYSTEM "logger.dtd">
<log>
<record>
  <date>2018-10-11T22:08:01</date>
  <millis>1539310081777</millis>
  <sequence>0</sequence>
  <logger>wetsu195.LoginController</logger>
  <level>CONFIG</level>
  <class>wetsu195.LoginController</class>
  <method>Login</method>
  <thread>13</thread>
  <message>config done.</message>
</record>
<record>
  <date>2018-10-11T22:08:02</date>
  <millis>1539310082331</millis>
  <sequence>1</sequence>
  <logger>wetsu195.LoginController</logger>
  <level>FINE</level>
  <class>wetsu195.LoginController</class>
  <method>Login</method>
  <thread>13</thread>
  <message>test(userid 1) successfully logged in at 2018-10-12T02:08:02.330Z[UTC]</message>
</record>
</log>
<?xml version="1.0" encoding="UTF-8" standalone="no"?>
<!DOCTYPE log SYSTEM "logger.dtd">
<log>
<record>
  <date>2018-10-11T22:09:03</date>
  <millis>1539310143218</millis>
  <sequence>0</sequence>
  <logger>wetsu195.LoginController</logger>
  <level>CONFIG</level>
  <class>wetsu195.LoginController</class>
  <method>Login</method>
  <thread>13</thread>
  <message>config done.</message>
</record>
<record>
  <date>2018-10-11T22:09:03</date>
  <millis>1539310143800</millis>
  <sequence>1</sequence>
  <logger>wetsu195.LoginController</logger>
  <level>FINE</level>
  <class>wetsu195.LoginController</class>
  <method>Login</method>
  <thread>13</thread>
  <message>test(userid 1) successfully logged in at 2018-10-12T02:09:03.774Z[UTC]</message>
</record>
</log>
<?xml version="1.0" encoding="UTF-8" standalone="no"?>
<!DOCTYPE log SYSTEM "logger.dtd">
<log>
<record>
  <date>2018-10-11T22:11:50</date>
  <millis>1539310310701</millis>
  <sequence>0</sequence>
  <logger>wetsu195.LoginController</logger>
  <level>CONFIG</level>
  <class>wetsu195.LoginController</class>
  <method>Login</method>
  <thread>16</thread>
  <message>config done.</message>
</record>
<record>
  <date>2018-10-11T22:11:51</date>
  <millis>1539310311297</millis>
  <sequence>1</sequence>
  <logger>wetsu195.LoginController</logger>
  <level>FINE</level>
  <class>wetsu195.LoginController</class>
  <method>Login</method>
  <thread>16</thread>
  <message>test(userid 1) successfully logged in at 2018-10-12T02:11:51.297Z[UTC]</message>
</record>
<?xml version="1.0" encoding="UTF-8" standalone="no"?>
<!DOCTYPE log SYSTEM "logger.dtd">
<log>
<record>
  <date>2018-10-11T22:18:39</date>
  <millis>1539310719434</millis>
  <sequence>0</sequence>
  <logger>wetsu195.LoginController</logger>
  <level>CONFIG</level>
  <class>wetsu195.LoginController</class>
  <method>Login</method>
  <thread>13</thread>
  <message>config done.</message>
</record>
<record>
  <date>2018-10-11T22:18:39</date>
  <millis>1539310719997</millis>
  <sequence>1</sequence>
  <logger>wetsu195.LoginController</logger>
  <level>FINE</level>
  <class>wetsu195.LoginController</class>
  <method>Login</method>
  <thread>13</thread>
  <message>test(userid 1) successfully logged in at 2018-10-12T02:18:39.996Z[UTC]</message>
</record>
</log>
<?xml version="1.0" encoding="UTF-8" standalone="no"?>
<!DOCTYPE log SYSTEM "logger.dtd">
<log>
<record>
  <date>2018-10-11T22:19:15</date>
  <millis>1539310755874</millis>
  <sequence>0</sequence>
  <logger>wetsu195.LoginController</logger>
  <level>CONFIG</level>
  <class>wetsu195.LoginController</class>
  <method>Login</method>
  <thread>16</thread>
  <message>config done.</message>
</record>
<record>
  <date>2018-10-11T22:19:16</date>
  <millis>1539310756476</millis>
  <sequence>1</sequence>
  <logger>wetsu195.LoginController</logger>
  <level>FINE</level>
  <class>wetsu195.LoginController</class>
  <method>Login</method>
  <thread>16</thread>
  <message>test(userid 1) successfully logged in at 2018-10-12T02:19:16.475Z[UTC]</message>
</record>
<?xml version="1.0" encoding="UTF-8" standalone="no"?>
<!DOCTYPE log SYSTEM "logger.dtd">
<log>
<record>
  <date>2018-10-11T22:25:41</date>
  <millis>1539311141973</millis>
  <sequence>0</sequence>
  <logger>wetsu195.LoginController</logger>
  <level>CONFIG</level>
  <class>wetsu195.LoginController</class>
  <method>Login</method>
  <thread>13</thread>
  <message>config done.</message>
</record>
<record>
  <date>2018-10-11T22:25:42</date>
  <millis>1539311142529</millis>
  <sequence>1</sequence>
  <logger>wetsu195.LoginController</logger>
  <level>FINE</level>
  <class>wetsu195.LoginController</class>
  <method>Login</method>
  <thread>13</thread>
  <message>test(userid 1) successfully logged in at 2018-10-12T02:25:42.528Z[UTC]</message>
</record>
</log>
<?xml version="1.0" encoding="UTF-8" standalone="no"?>
<!DOCTYPE log SYSTEM "logger.dtd">
<log>
<record>
  <date>2018-10-11T22:29:05</date>
  <millis>1539311345697</millis>
  <sequence>0</sequence>
  <logger>wetsu195.LoginController</logger>
  <level>CONFIG</level>
  <class>wetsu195.LoginController</class>
  <method>Login</method>
  <thread>13</thread>
  <message>config done.</message>
</record>
<record>
  <date>2018-10-11T22:29:06</date>
  <millis>1539311346248</millis>
  <sequence>1</sequence>
  <logger>wetsu195.LoginController</logger>
  <level>FINE</level>
  <class>wetsu195.LoginController</class>
  <method>Login</method>
  <thread>13</thread>
  <message>test(userid 1) successfully logged in at 2018-10-12T02:29:06.247Z[UTC]</message>
</record>
</log>
<?xml version="1.0" encoding="UTF-8" standalone="no"?>
<!DOCTYPE log SYSTEM "logger.dtd">
<log>
<record>
  <date>2018-10-11T22:37:22</date>
  <millis>1539311842265</millis>
  <sequence>0</sequence>
  <logger>wetsu195.LoginController</logger>
  <level>CONFIG</level>
  <class>wetsu195.LoginController</class>
  <method>Login</method>
  <thread>13</thread>
  <message>config done.</message>
</record>
<record>
  <date>2018-10-11T22:37:22</date>
  <millis>1539311842829</millis>
  <sequence>1</sequence>
  <logger>wetsu195.LoginController</logger>
  <level>FINE</level>
  <class>wetsu195.LoginController</class>
  <method>Login</method>
  <thread>13</thread>
  <message>test(userid 1) successfully logged in at 2018-10-12T02:37:22.828Z[UTC]</message>
</record>
</log>
<?xml version="1.0" encoding="UTF-8" standalone="no"?>
<!DOCTYPE log SYSTEM "logger.dtd">
<log>
<record>
  <date>2018-10-11T22:40:24</date>
  <millis>1539312024832</millis>
  <sequence>0</sequence>
  <logger>wetsu195.LoginController</logger>
  <level>CONFIG</level>
  <class>wetsu195.LoginController</class>
  <method>Login</method>
  <thread>13</thread>
  <message>config done.</message>
</record>
<record>
  <date>2018-10-11T22:40:25</date>
  <millis>1539312025425</millis>
  <sequence>1</sequence>
  <logger>wetsu195.LoginController</logger>
  <level>FINE</level>
  <class>wetsu195.LoginController</class>
  <method>Login</method>
  <thread>13</thread>
  <message>test(userid 1) successfully logged in at 2018-10-12T02:40:25.399Z[UTC]</message>
</record>
</log>
<?xml version="1.0" encoding="UTF-8" standalone="no"?>
<!DOCTYPE log SYSTEM "logger.dtd">
<log>
<record>
  <date>2018-10-11T22:41:36</date>
  <millis>1539312096494</millis>
  <sequence>0</sequence>
  <logger>wetsu195.LoginController</logger>
  <level>CONFIG</level>
  <class>wetsu195.LoginController</class>
  <method>Login</method>
  <thread>13</thread>
  <message>config done.</message>
</record>
<record>
  <date>2018-10-11T22:41:37</date>
  <millis>1539312097052</millis>
  <sequence>1</sequence>
  <logger>wetsu195.LoginController</logger>
  <level>FINE</level>
  <class>wetsu195.LoginController</class>
  <method>Login</method>
  <thread>13</thread>
  <message>test(userid 1) successfully logged in at 2018-10-12T02:41:37.051Z[UTC]</message>
</record>
</log>
<?xml version="1.0" encoding="UTF-8" standalone="no"?>
<!DOCTYPE log SYSTEM "logger.dtd">
<log>
<record>
  <date>2018-10-11T22:43:00</date>
  <millis>1539312180647</millis>
  <sequence>0</sequence>
  <logger>wetsu195.LoginController</logger>
  <level>CONFIG</level>
  <class>wetsu195.LoginController</class>
  <method>Login</method>
  <thread>13</thread>
  <message>config done.</message>
</record>
<record>
  <date>2018-10-11T22:43:01</date>
  <millis>1539312181177</millis>
  <sequence>1</sequence>
  <logger>wetsu195.LoginController</logger>
  <level>FINE</level>
  <class>wetsu195.LoginController</class>
  <method>Login</method>
  <thread>13</thread>
  <message>test(userid 1) successfully logged in at 2018-10-12T02:43:01.176Z[UTC]</message>
</record>
</log>
<?xml version="1.0" encoding="UTF-8" standalone="no"?>
<!DOCTYPE log SYSTEM "logger.dtd">
<log>
<record>
  <date>2018-10-11T22:49:35</date>
  <millis>1539312575866</millis>
  <sequence>0</sequence>
  <logger>wetsu195.LoginController</logger>
  <level>CONFIG</level>
  <class>wetsu195.LoginController</class>
  <method>Login</method>
  <thread>13</thread>
  <message>config done.</message>
</record>
<record>
  <date>2018-10-11T22:49:36</date>
  <millis>1539312576407</millis>
  <sequence>1</sequence>
  <logger>wetsu195.LoginController</logger>
  <level>FINE</level>
  <class>wetsu195.LoginController</class>
  <method>Login</method>
  <thread>13</thread>
  <message>test(userid 1) successfully logged in at 2018-10-12T02:49:36.407Z[UTC]</message>
</record>
</log>
<?xml version="1.0" encoding="UTF-8" standalone="no"?>
<!DOCTYPE log SYSTEM "logger.dtd">
<log>
<record>
  <date>2018-10-11T22:53:43</date>
  <millis>1539312823161</millis>
  <sequence>0</sequence>
  <logger>wetsu195.LoginController</logger>
  <level>CONFIG</level>
  <class>wetsu195.LoginController</class>
  <method>Login</method>
  <thread>13</thread>
  <message>config done.</message>
</record>
<record>
  <date>2018-10-11T22:53:43</date>
  <millis>1539312823679</millis>
  <sequence>1</sequence>
  <logger>wetsu195.LoginController</logger>
  <level>FINE</level>
  <class>wetsu195.LoginController</class>
  <method>Login</method>
  <thread>13</thread>
  <message>test(userid 1) successfully logged in at 2018-10-12T02:53:43.678Z[UTC]</message>
</record>
</log>
<?xml version="1.0" encoding="UTF-8" standalone="no"?>
<!DOCTYPE log SYSTEM "logger.dtd">
<log>
<record>
  <date>2018-10-11T22:55:07</date>
  <millis>1539312907315</millis>
  <sequence>0</sequence>
  <logger>wetsu195.LoginController</logger>
  <level>CONFIG</level>
  <class>wetsu195.LoginController</class>
  <method>Login</method>
  <thread>13</thread>
  <message>config done.</message>
</record>
<record>
  <date>2018-10-11T22:55:07</date>
  <millis>1539312907849</millis>
  <sequence>1</sequence>
  <logger>wetsu195.LoginController</logger>
  <level>FINE</level>
  <class>wetsu195.LoginController</class>
  <method>Login</method>
  <thread>13</thread>
  <message>test(userid 1) successfully logged in at 2018-10-12T02:55:07.849Z[UTC]</message>
</record>
</log>
<?xml version="1.0" encoding="UTF-8" standalone="no"?>
<!DOCTYPE log SYSTEM "logger.dtd">
<log>
<record>
  <date>2018-10-11T22:55:38</date>
  <millis>1539312938028</millis>
  <sequence>0</sequence>
  <logger>wetsu195.LoginController</logger>
  <level>CONFIG</level>
  <class>wetsu195.LoginController</class>
  <method>Login</method>
  <thread>13</thread>
  <message>config done.</message>
</record>
<record>
  <date>2018-10-11T22:55:38</date>
  <millis>1539312938563</millis>
  <sequence>1</sequence>
  <logger>wetsu195.LoginController</logger>
  <level>FINE</level>
  <class>wetsu195.LoginController</class>
  <method>Login</method>
  <thread>13</thread>
  <message>test(userid 1) successfully logged in at 2018-10-12T02:55:38.562Z[UTC]</message>
</record>
